vices.monitoring:Monitoring metrics saved: gas_price=0.001000065 gwei, oracle_failures=0, xcom_rate_limit=100, screenshot_storage=0.0MB
DEBUG:services.monitoring:System health score: 1.00
ERROR:routes.base_api:Error creating market: name 'Actor' is not defined
ERROR:app:Exception on /api/base/markets/create [POST]
Traceback (most recent call last):
  File "/home/runner/workspace/routes/base_api.py", line 41, in create_market
    actor = Actor.query.filter_by(name=data['actor_handle']).first()
            ^^^^^
NameError: name 'Actor' is not defined

During handling of the above exception, another exception occurred:

Traceback (most recent call last):
  File "/home/runner/workspace/.pythonlibs/lib/python3.11/site-packages/flask/app.py", line 1511, in wsgi_app
    response = self.full_dispatch_request()
               ^^^^^^^^^^^^^^^^^^^^^^^^^^^^
  File "/home/runner/workspace/.pythonlibs/lib/python3.11/site-packages/flask/app.py", line 919, in full_dispatch_request
    rv = self.handle_user_exception(e)
         ^^^^^^^^^^^^^^^^^^^^^^^^^^^^^
  File "/home/runner/workspace/.pythonlibs/lib/python3.11/site-packages/flask/app.py", line 917, in full_dispatch_request
    rv = self.dispatch_request()
         ^^^^^^^^^^^^^^^^^^^^^^^
  File "/home/runner/workspace/.pythonlibs/lib/python3.11/site-packages/flask/app.py", line 902, in dispatch_request
    return self.ensure_sync(self.view_functions[rule.endpoint])(**view_args)  # type: ignore[no-any-return]
           ^^^^^^^^^^^^^^^^^^^^^^^^^^^^^^^^^^^^^^^^^^^^^^^^^^^^^^^^^^^^^^^^^
  File "/home/runner/workspace/routes/base_api.py", line 133, in create_market
    db.session.rollback()
    ^^
NameError: name 'db' is not defined
ERROR:routes.admin:Error getting API stats: name 'NodeOperator' is not defined
ERROR:routes.admin:Error getting network health: name 'consensus_service' is not defined
ERROR:routes.admin:Error getting ledger summary: name 'ledger_service' is not defined
DEBUG:web3.manager.RequestManager:Making request. Method: eth_gasPrice
DEBUG:web3.providers.HTTPProvider:Making request HTTP. URI: https://sepolia.base.org, Method: eth_gasPrice
DEBUG:urllib3.connectionpool:https://sepolia.base.org:443 "POST / HTTP/1.1" 200 45
DEBUG:web3.providers.HTTPProvider:Getting response HTTP. URI: https://sepolia.base.org, Method: eth_gasPrice, Response: {'jsonrpc': '2.0', 'result': '0xf4285', 'id': 65}
DEBUG:services.monitoring:Current gas price: 0.001000069 gwei
DEBUG:services.contract_monitoring:Running contract monitoring cycle
DEBUG:web3.manager.RequestManager:Making request. Method: eth_blockNumber
DEBUG:web3.providers.HTTPProvider:Making request HTTP. URI: https://sepolia.base.org, Method: eth_blockNumber
DEBUG:urllib3.connectionpool:https://sepolia.base.org:443 "POST / HTTP/1.1" 200 None
DEBUG:web3.providers.HTTPProvider:Getting response HTTP. URI: https://sepolia.base.org, Method: eth_blockNumber, Response: {'jsonrpc': '2.0', 'result': '0x1c60e20', 'id': 325}
DEBUG:web3.manager.RequestManager:Making request. Method: eth_getLogs
DEBUG:web3.providers.HTTPProvider:Making request HTTP. URI: https://sepolia.base.org, Method: